C:\work_golan\5111\tools\Tools [Develop]\SDK\\bin\Debug\mxml.lib
C:\WORK_GOLAN\5111\TOOLS\TOOLS [DEVELOP]\SDK\BIN\DEBUG\MXML.LIB
C:\work_golan\5111\tools\Tools [Develop]\SDK\common\mxml-2.8\vcnet\Debug\cl.command.1.tlog
C:\work_golan\5111\tools\Tools [Develop]\SDK\common\mxml-2.8\vcnet\Debug\CL.read.1.tlog
C:\work_golan\5111\tools\Tools [Develop]\SDK\common\mxml-2.8\vcnet\Debug\CL.write.1.tlog
C:\work_golan\5111\tools\Tools [Develop]\SDK\common\mxml-2.8\vcnet\Debug\lib.command.1.tlog
C:\work_golan\5111\tools\Tools [Develop]\SDK\common\mxml-2.8\vcnet\Debug\Lib-link.read.1.tlog
C:\work_golan\5111\tools\Tools [Develop]\SDK\common\mxml-2.8\vcnet\Debug\Lib-link.write.1.tlog
C:\work_golan\5111\tools\Tools [Develop]\SDK\common\mxml-2.8\vcnet\Debug\mxml.vcxprojResolveAssemblyReference.cache
C:\work_golan\5111\tools\Tools [Develop]\SDK\common\mxml-2.8\vcnet\Debug\mxml.write.1.tlog
C:\WORK_GOLAN\5111\TOOLS\TOOLS [DEVELOP]\SDK\COMMON\MXML-2.8\VCNET\DEBUG\MXML-ATTR.OBJ
C:\WORK_GOLAN\5111\TOOLS\TOOLS [DEVELOP]\SDK\COMMON\MXML-2.8\VCNET\DEBUG\MXML-ENTITY.OBJ
C:\WORK_GOLAN\5111\TOOLS\TOOLS [DEVELOP]\SDK\COMMON\MXML-2.8\VCNET\DEBUG\MXML-FILE.OBJ
C:\WORK_GOLAN\5111\TOOLS\TOOLS [DEVELOP]\SDK\COMMON\MXML-2.8\VCNET\DEBUG\MXML-INDEX.OBJ
C:\WORK_GOLAN\5111\TOOLS\TOOLS [DEVELOP]\SDK\COMMON\MXML-2.8\VCNET\DEBUG\MXML-NODE.OBJ
C:\WORK_GOLAN\5111\TOOLS\TOOLS [DEVELOP]\SDK\COMMON\MXML-2.8\VCNET\DEBUG\MXML-PRIVATE.OBJ
C:\WORK_GOLAN\5111\TOOLS\TOOLS [DEVELOP]\SDK\COMMON\MXML-2.8\VCNET\DEBUG\MXML-SEARCH.OBJ
C:\WORK_GOLAN\5111\TOOLS\TOOLS [DEVELOP]\SDK\COMMON\MXML-2.8\VCNET\DEBUG\MXML-SET.OBJ
C:\WORK_GOLAN\5111\TOOLS\TOOLS [DEVELOP]\SDK\COMMON\MXML-2.8\VCNET\DEBUG\MXML-STRING.OBJ
C:\work_golan\5111\tools\Tools [Develop]\SDK\common\mxml-2.8\vcnet\Debug\vc100.idb
C:\WORK_GOLAN\5111\TOOLS\TOOLS [DEVELOP]\SDK\COMMON\MXML-2.8\VCNET\DEBUG\VC100.PDB
